0 info it worked if it ends with ok
1 verbose cli [ '/usr/local/bin/node',
1 verbose cli   '/usr/local/bin/npm',
1 verbose cli   'install',
1 verbose cli   '--save',
1 verbose cli   'stylus' ]
2 info using npm@1.2.21
3 info using node@v0.11.2
4 verbose read json /Users/ben/code/junk/tests/handy/package.json
5 warn package.json fmjs@0.0.0 No repository field.
6 verbose read json /Users/ben/code/junk/tests/handy/node_modules/connect-assets/package.json
7 verbose from cache /Users/ben/code/junk/tests/handy/package.json
8 verbose readDependencies using package.json deps
9 verbose cache add [ 'stylus', null ]
10 verbose cache add name=undefined spec="stylus" args=["stylus",null]
11 verbose parsed url { protocol: null,
11 verbose parsed url   slashes: null,
11 verbose parsed url   auth: null,
11 verbose parsed url   host: null,
11 verbose parsed url   port: null,
11 verbose parsed url   hostname: null,
11 verbose parsed url   hash: null,
11 verbose parsed url   search: null,
11 verbose parsed url   query: null,
11 verbose parsed url   pathname: 'stylus',
11 verbose parsed url   path: 'stylus',
11 verbose parsed url   href: 'stylus' }
12 silly lockFile 27c0f414-stylus stylus
13 verbose lock stylus /Users/ben/.npm/27c0f414-stylus.lock
14 silly lockFile 27c0f414-stylus stylus
15 silly lockFile 27c0f414-stylus stylus
16 verbose addNamed [ 'stylus', '' ]
17 verbose addNamed [ null, '' ]
18 silly lockFile 5140332e-stylus stylus@
19 verbose lock stylus@ /Users/ben/.npm/5140332e-stylus.lock
20 silly addNameRange { name: 'stylus', range: '', hasData: false }
21 verbose url raw stylus
22 verbose url resolving [ 'https://registry.npmjs.org/', './stylus' ]
23 verbose url resolved https://registry.npmjs.org/stylus
24 info trying registry request attempt 1 at 16:19:17
25 verbose etag "5ZE1QA1CY689G1RI8GDW4PYFP"
26 http GET https://registry.npmjs.org/stylus
27 http 304 https://registry.npmjs.org/stylus
28 silly registry.get cb [ 304,
28 silly registry.get   { server: 'CouchDB/1.3.0 (Erlang OTP/R15B03)',
28 silly registry.get     etag: '"5ZE1QA1CY689G1RI8GDW4PYFP"',
28 silly registry.get     date: 'Mon, 17 Jun 2013 23:19:18 GMT',
28 silly registry.get     'content-length': '0' } ]
29 verbose etag stylus from cache
30 silly addNameRange number 2 { name: 'stylus', range: '', hasData: true }
31 silly addNameRange versions [ 'stylus',
31 silly addNameRange   [ '0.0.1',
31 silly addNameRange     '0.0.2',
31 silly addNameRange     '0.1.0',
31 silly addNameRange     '0.2.0',
31 silly addNameRange     '0.2.1',
31 silly addNameRange     '0.3.0',
31 silly addNameRange     '0.3.1',
31 silly addNameRange     '0.4.0',
31 silly addNameRange     '0.4.1',
31 silly addNameRange     '0.5.0',
31 silly addNameRange     '0.5.1',
31 silly addNameRange     '0.5.2',
31 silly addNameRange     '0.5.3',
31 silly addNameRange     '0.6.0',
31 silly addNameRange     '0.6.2',
31 silly addNameRange     '0.6.3',
31 silly addNameRange     '0.6.4',
31 silly addNameRange     '0.6.5',
31 silly addNameRange     '0.6.6',
31 silly addNameRange     '0.6.7',
31 silly addNameRange     '0.7.0',
31 silly addNameRange     '0.7.1',
31 silly addNameRange     '0.7.2',
31 silly addNameRange     '0.7.3',
31 silly addNameRange     '0.7.4',
31 silly addNameRange     '0.8.0',
31 silly addNameRange     '0.9.0',
31 silly addNameRange     '0.9.1',
31 silly addNameRange     '0.9.2',
31 silly addNameRange     '0.10.0',
31 silly addNameRange     '0.11.0',
31 silly addNameRange     '0.11.1',
31 silly addNameRange     '0.11.2',
31 silly addNameRange     '0.11.3',
31 silly addNameRange     '0.11.4',
31 silly addNameRange     '0.11.5',
31 silly addNameRange     '0.11.6',
31 silly addNameRange     '0.11.7',
31 silly addNameRange     '0.11.8',
31 silly addNameRange     '0.11.9',
31 silly addNameRange     '0.11.10',
31 silly addNameRange     '0.11.11',
31 silly addNameRange     '0.11.12',
31 silly addNameRange     '0.12.0',
31 silly addNameRange     '0.12.1',
31 silly addNameRange     '0.12.2',
31 silly addNameRange     '0.12.3',
31 silly addNameRange     '0.12.4',
31 silly addNameRange     '0.13.0',
31 silly addNameRange     '0.13.1',
31 silly addNameRange     '0.13.2',
31 silly addNameRange     '0.13.3',
31 silly addNameRange     '0.13.4',
31 silly addNameRange     '0.13.5',
31 silly addNameRange     '0.13.6',
31 silly addNameRange     '0.13.7',
31 silly addNameRange     '0.13.8',
31 silly addNameRange     '0.13.9',
31 silly addNameRange     '0.14.0',
31 silly addNameRange     '0.15.0',
31 silly addNameRange     '0.15.1',
31 silly addNameRange     '0.15.2',
31 silly addNameRange     '0.15.3',
31 silly addNameRange     '0.15.4',
31 silly addNameRange     '0.16.0',
31 silly addNameRange     '0.17.0',
31 silly addNameRange     '0.18.0',
31 silly addNameRange     '0.19.0',
31 silly addNameRange     '0.19.1',
31 silly addNameRange     '0.19.2',
31 silly addNameRange     '0.19.3',
31 silly addNameRange     '0.19.4',
31 silly addNameRange     '0.19.5',
31 silly addNameRange     '0.19.6',
31 silly addNameRange     '0.19.7',
31 silly addNameRange     '0.19.8',
31 silly addNameRange     '0.20.0',
31 silly addNameRange     '0.20.1',
31 silly addNameRange     '0.21.0',
31 silly addNameRange     '0.21.1',
31 silly addNameRange     '0.21.2',
31 silly addNameRange     '0.22.0',
31 silly addNameRange     '0.22.1',
31 silly addNameRange     '0.22.2',
31 silly addNameRange     '0.22.3',
31 silly addNameRange     '0.22.4',
31 silly addNameRange     '0.22.5',
31 silly addNameRange     '0.22.6',
31 silly addNameRange     '0.23.0',
31 silly addNameRange     '0.24.0',
31 silly addNameRange     '0.25.0',
31 silly addNameRange     '0.26.0',
31 silly addNameRange     '0.26.1',
31 silly addNameRange     '0.27.0',
31 silly addNameRange     '0.27.1',
31 silly addNameRange     '0.27.2',
31 silly addNameRange     '0.28.0',
31 silly addNameRange     '0.28.1',
31 silly addNameRange     '0.28.2',
31 silly addNameRange     '0.29.0',
31 silly addNameRange     '0.30.0',
31 silly addNameRange     '0.30.1',
31 silly addNameRange     '0.31.0',
31 silly addNameRange     '0.32.0',
31 silly addNameRange     '0.32.1' ] ]
32 verbose addNamed [ 'stylus', '0.32.1' ]
33 verbose addNamed [ '0.32.1', '0.32.1' ]
34 silly lockFile 2a6865b9-stylus-0-32-1 stylus@0.32.1
35 verbose lock stylus@0.32.1 /Users/ben/.npm/2a6865b9-stylus-0-32-1.lock
36 verbose read json /Users/ben/.npm/stylus/0.32.1/package/package.json
37 silly lockFile 2a6865b9-stylus-0-32-1 stylus@0.32.1
38 silly lockFile 2a6865b9-stylus-0-32-1 stylus@0.32.1
39 silly lockFile 5140332e-stylus stylus@
40 silly lockFile 5140332e-stylus stylus@
41 silly resolved [ { name: 'stylus',
41 silly resolved     description: 'Robust, expressive, and feature-rich CSS superset',
41 silly resolved     version: '0.32.1',
41 silly resolved     author: { name: 'TJ Holowaychuk', email: 'tj@vision-media.ca' },
41 silly resolved     keywords: [ 'css', 'parser', 'style', 'stylesheets', 'jade', 'language' ],
41 silly resolved     repository: { type: 'git', url: 'git://github.com/learnboost/stylus' },
41 silly resolved     main: './index.js',
41 silly resolved     engines: { node: '*' },
41 silly resolved     bin: { stylus: './bin/stylus' },
41 silly resolved     scripts: { prepublish: 'npm prune', test: 'make test' },
41 silly resolved     dependencies: { cssom: '0.2.x', mkdirp: '0.3.x', debug: '*' },
41 silly resolved     devDependencies: { should: '*', mocha: '*' },
41 silly resolved     readme: '# Stylus\n\n Stylus is a revolutionary new language, providing an efficient, dynamic, and expressive way to generate CSS. Supporting both an indented syntax and regular CSS style.\n\n## Installation\n\n```bash\n$ npm install stylus\n```\n\n### Example\n\n```\nborder-radius()\n  -webkit-border-radius: arguments\n  -moz-border-radius: arguments\n  border-radius: arguments\n\nbody a\n  font: 12px/1.4 "Lucida Grande", Arial, sans-serif\n  background: black\n  color: #ccc\n\nform input\n  padding: 5px\n  border: 1px solid\n  border-radius: 5px\n```\n\ncompiles to:\n\n```css\nbody a {\n  font: 12px/1.4 "Lucida Grande", Arial, sans-serif;\n  background: #000;\n  color: #ccc;\n}\nform input {\n  padding: 5px;\n  border: 1px solid;\n  -webkit-border-radius: 5px;\n  -moz-border-radius: 5px;\n  border-radius: 5px;\n}\n```\n\nthe following is equivalent to the indented version of Stylus source, using the CSS syntax instead:\n\n```\nborder-radius() {\n  -webkit-border-radius: arguments\n  -moz-border-radius: arguments\n  border-radius: arguments\n}\n\nbody a {\n  font: 12px/1.4 "Lucida Grande", Arial, sans-serif;\n  background: black;\n  color: #ccc;\n}\n\nform input {\n  padding: 5px;\n  border: 1px solid;\n  border-radius: 5px;\n}\n```\n\n### Features\n\n Stylus has _many_ features.  Detailed documentation links follow:\n\n  - [css syntax](docs/css-style.md) support\n  - [mixins](docs/mixins.md)\n  - [keyword arguments](docs/kwargs.md)\n  - [variables](docs/variables.md)\n  - [interpolation](docs/interpolation.md)\n  - arithmetic, logical, and equality [operators](docs/operators.md)\n  - [importing](docs/import.md) of other stylus sheets\n  - [introspection api](docs/introspection.md)\n  - type coercion\n  - [@extend](docs/extend.md)\n  - [conditionals](docs/conditionals.md)\n  - [iteration](docs/iteration.md)\n  - nested [selectors](docs/selectors.md)\n  - parent reference\n  - in-language [functions](docs/functions.md)\n  - [variable arguments](docs/vargs.md)\n  - built-in [functions](docs/bifs.md) (over 25)\n  - optional [image inlining](docs/functions.url.md)\n  - optional compression\n  - JavaScript [API](docs/js.md)\n  - extremely terse syntax\n  - stylus [executable](docs/executable.md)\n  - [error reporting](docs/error-reporting.md)\n  - single-line and multi-line [comments](docs/comments.md)\n  - css [literal](docs/literal.md)\n  - character [escaping](docs/escape.md)\n  - [@keyframes](docs/keyframes.md) support & expansion\n  - [@font-face](docs/font-face.md) support\n  - [@media](docs/media.md) support\n  - Connect [Middleware](docs/middleware.md)\n  - TextMate [bundle](docs/textmate.md)\n  - Coda/SubEtha Edit [Syntax mode](https://github.com/atljeremy/Stylus.mode)\n  - gedit [language-spec](docs/gedit.md)\n  - VIM [Syntax](https://github.com/wavded/vim-stylus)\n  - [Firebug extension](docs/firebug.md)\n  - heroku [web service](http://styl.heroku.com) for compiling stylus\n  - [style guide](https://github.com/lepture/ganam) parser and generator\n  - transparent vendor-specific function expansion\n\n### Framework Support\n\n   - [Connect](docs/middleware.md)\n   - [Play! 2.0](https://github.com/patiencelabs/play-stylus)\n   - [Ruby On Rails](https://github.com/lucasmazza/ruby-stylus)\n\n### CMS Support\n\n   - [DocPad](https://github.com/bevry/docpad)\n   - [Punch](https://github.com/laktek/punch-stylus-compiler)\n\n### Screencasts\n\n  - [Stylus Intro](http://screenr.com/bNY)\n  - [CSS Syntax & Postfix Conditionals](http://screenr.com/A8v)\n\n### Authors\n\n  - [TJ Holowaychuk (visionmedia)](http://github.com/visionmedia)\n\n### More Information\n\n  - Language [comparisons](docs/compare.md)\n\n## License \n\n(The MIT License)\n\nCopyright (c) 2010 LearnBoost &lt;dev@learnboost.com&gt;\n\nPermission is hereby granted, free of charge, to any person obtaining\na copy of this software and associated documentation files (the\n\'Software\'), to deal in the Software without restriction, including\nwithout limitation the rights to use, copy, modify, merge, publish,\ndistribute, sublicense, and/or sell copies of the Software, and to\npermit persons to whom the Software is furnished to do so, subject to\nthe following conditions:\n\nThe above copyright notice and this permission notice shall be\nincluded in all copies or substantial portions of the Software.\n\nTHE SOFTWARE IS PROVIDED \'AS IS\', WITHOUT WARRANTY OF ANY KIND,\nEXPRESS OR IMPLIED, INCLUDING BUT NOT LIMITED TO THE WARRANTIES OF\nMERCHANTABILITY, FITNESS FOR A PARTICULAR PURPOSE AND NONINFRINGEMENT.\nIN NO EVENT SHALL THE AUTHORS OR COPYRIGHT HOLDERS BE LIABLE FOR ANY\nCLAIM, DAMAGES OR OTHER LIABILITY, WHETHER IN AN ACTION OF CONTRACT,\nTORT OR OTHERWISE, ARISING FROM, OUT OF OR IN CONNECTION WITH THE\nSOFTWARE OR THE USE OR OTHER DEALINGS IN THE SOFTWARE.\n',
41 silly resolved     readmeFilename: 'Readme.md',
41 silly resolved     bugs: { url: 'https://github.com/learnboost/stylus/issues' },
41 silly resolved     _id: 'stylus@0.32.1',
41 silly resolved     _from: 'stylus@' } ]
42 info install stylus@0.32.1 into /Users/ben/code/junk/tests/handy
43 info installOne stylus@0.32.1
44 verbose from cache /Users/ben/.npm/stylus/0.32.1/package/package.json
45 info /Users/ben/code/junk/tests/handy/node_modules/stylus unbuild
46 verbose read json /Users/ben/code/junk/tests/handy/node_modules/stylus/package.json
47 verbose tar unpack /Users/ben/.npm/stylus/0.32.1/package.tgz
48 silly lockFile 40bf2596--tests-handy-node-modules-stylus /Users/ben/code/junk/tests/handy/node_modules/stylus
49 verbose lock /Users/ben/code/junk/tests/handy/node_modules/stylus /Users/ben/.npm/40bf2596--tests-handy-node-modules-stylus.lock
50 silly lockFile 7f2326a6-en-npm-stylus-0-32-1-package-tgz /Users/ben/.npm/stylus/0.32.1/package.tgz
51 verbose lock /Users/ben/.npm/stylus/0.32.1/package.tgz /Users/ben/.npm/7f2326a6-en-npm-stylus-0-32-1-package-tgz.lock
52 silly gunzTarPerm modes [ '755', '644' ]
53 silly gunzTarPerm extractEntry package.json
54 silly gunzTarPerm extractEntry LICENSE
55 silly gunzTarPerm extractEntry bm.js
56 silly gunzTarPerm extractEntry index.js
57 silly gunzTarPerm extractEntry bin/stylus
58 silly gunzTarPerm extractEntry lib/colors.js
59 silly gunzTarPerm extractEntry lib/errors.js
60 silly gunzTarPerm extractEntry lib/utils.js
61 silly gunzTarPerm extractEntry lib/lexer.js
62 silly gunzTarPerm extractEntry lib/middleware.js
63 silly gunzTarPerm extractEntry lib/units.js
64 silly gunzTarPerm extractEntry lib/token.js
65 silly gunzTarPerm extractEntry lib/renderer.js
66 silly gunzTarPerm extractEntry lib/stylus.js
67 silly gunzTarPerm extractEntry lib/parser.js
68 silly gunzTarPerm extractEntry lib/stack/frame.js
69 silly gunzTarPerm extractEntry lib/stack/index.js
70 silly gunzTarPerm extractEntry lib/stack/scope.js
71 silly gunzTarPerm extractEntry lib/convert/css.js
72 silly gunzTarPerm extractEntry lib/nodes/arguments.js
73 silly gunzTarPerm extractEntry lib/nodes/ident.js
74 silly gunzTarPerm extractEntry lib/nodes/if.js
75 silly gunzTarPerm extractEntry lib/nodes/import.js
76 silly gunzTarPerm extractEntry lib/nodes/index.js
77 silly gunzTarPerm extractEntry lib/nodes/hsla.js
78 silly gunzTarPerm extractEntry lib/nodes/keyframes.js
79 silly gunzTarPerm extractEntry lib/nodes/literal.js
80 silly gunzTarPerm extractEntry lib/nodes/media.js
81 silly gunzTarPerm extractEntry lib/nodes/mozdocument.js
82 silly gunzTarPerm extractEntry lib/nodes/node.js
83 silly gunzTarPerm extractEntry lib/nodes/group.js
84 silly gunzTarPerm extractEntry lib/nodes/null.js
85 silly gunzTarPerm extractEntry lib/nodes/function.js
86 silly gunzTarPerm extractEntry lib/nodes/page.js
87 silly gunzTarPerm extractEntry lib/nodes/fontface.js
88 silly gunzTarPerm extractEntry lib/nodes/params.js
89 silly gunzTarPerm extractEntry lib/nodes/extend.js
90 silly gunzTarPerm extractEntry lib/nodes/property.js
91 silly gunzTarPerm extractEntry lib/nodes/expression.js
92 silly gunzTarPerm extractEntry lib/nodes/return.js
93 silly gunzTarPerm extractEntry lib/nodes/each.js
94 silly gunzTarPerm extractEntry lib/nodes/rgba.js
95 silly gunzTarPerm extractEntry lib/nodes/comment.js
96 silly gunzTarPerm extractEntry lib/nodes/root.js
97 silly gunzTarPerm extractEntry lib/nodes/charset.js
98 silly gunzTarPerm extractEntry lib/nodes/selector.js
99 silly gunzTarPerm extractEntry lib/nodes/call.js
100 silly gunzTarPerm extractEntry lib/nodes/string.js
101 silly gunzTarPerm extractEntry lib/nodes/boolean.js
102 silly gunzTarPerm extractEntry lib/nodes/ternary.js
103 silly gunzTarPerm extractEntry lib/nodes/block.js
104 silly gunzTarPerm extractEntry lib/nodes/unaryop.js
105 silly gunzTarPerm extractEntry lib/nodes/binop.js
106 silly gunzTarPerm extractEntry lib/nodes/unit.js
107 silly gunzTarPerm extractEntry lib/nodes/jsliteral.js
108 silly gunzTarPerm extractEntry lib/functions/image.js
109 silly gunzTarPerm extractEntry lib/functions/index.js
110 silly gunzTarPerm extractEntry lib/functions/url.js
111 silly gunzTarPerm extractEntry lib/functions/index.styl
112 silly gunzTarPerm extractEntry lib/visitor/compiler.js
113 silly gunzTarPerm extractEntry lib/visitor/evaluator.js
114 silly gunzTarPerm extractEntry lib/visitor/index.js
115 silly gunzTarPerm extractEntry lib/visitor/normalizer.js
116 silly gunzTarPerm extractEntry Readme.md
117 verbose read json /Users/ben/code/junk/tests/handy/node_modules/stylus/package.json
118 silly lockFile 40bf2596--tests-handy-node-modules-stylus /Users/ben/code/junk/tests/handy/node_modules/stylus
119 silly lockFile 40bf2596--tests-handy-node-modules-stylus /Users/ben/code/junk/tests/handy/node_modules/stylus
120 silly lockFile 7f2326a6-en-npm-stylus-0-32-1-package-tgz /Users/ben/.npm/stylus/0.32.1/package.tgz
121 silly lockFile 7f2326a6-en-npm-stylus-0-32-1-package-tgz /Users/ben/.npm/stylus/0.32.1/package.tgz
122 info preinstall stylus@0.32.1
123 verbose from cache /Users/ben/code/junk/tests/handy/node_modules/stylus/package.json
124 verbose readDependencies using package.json deps
125 verbose from cache /Users/ben/code/junk/tests/handy/node_modules/stylus/package.json
126 verbose readDependencies using package.json deps
127 verbose cache add [ 'mkdirp@0.3.x', null ]
128 verbose cache add name=undefined spec="mkdirp@0.3.x" args=["mkdirp@0.3.x",null]
129 verbose parsed url { protocol: null,
129 verbose parsed url   slashes: null,
129 verbose parsed url   auth: null,
129 verbose parsed url   host: null,
129 verbose parsed url   port: null,
129 verbose parsed url   hostname: null,
129 verbose parsed url   hash: null,
129 verbose parsed url   search: null,
129 verbose parsed url   query: null,
129 verbose parsed url   pathname: 'mkdirp@0.3.x',
129 verbose parsed url   path: 'mkdirp@0.3.x',
129 verbose parsed url   href: 'mkdirp@0.3.x' }
130 verbose cache add name="mkdirp" spec="0.3.x" args=["mkdirp","0.3.x"]
131 verbose parsed url { protocol: null,
131 verbose parsed url   slashes: null,
131 verbose parsed url   auth: null,
131 verbose parsed url   host: null,
131 verbose parsed url   port: null,
131 verbose parsed url   hostname: null,
131 verbose parsed url   hash: null,
131 verbose parsed url   search: null,
131 verbose parsed url   query: null,
131 verbose parsed url   pathname: '0.3.x',
131 verbose parsed url   path: '0.3.x',
131 verbose parsed url   href: '0.3.x' }
132 verbose addNamed [ 'mkdirp', '0.3.x' ]
133 verbose addNamed [ null, '>=0.3.0- <0.4.0-' ]
134 silly lockFile 6d3723ce-mkdirp-0-3-x mkdirp@0.3.x
135 verbose lock mkdirp@0.3.x /Users/ben/.npm/6d3723ce-mkdirp-0-3-x.lock
136 verbose cache add [ 'cssom@0.2.x', null ]
137 verbose cache add name=undefined spec="cssom@0.2.x" args=["cssom@0.2.x",null]
138 verbose parsed url { protocol: null,
138 verbose parsed url   slashes: null,
138 verbose parsed url   auth: null,
138 verbose parsed url   host: null,
138 verbose parsed url   port: null,
138 verbose parsed url   hostname: null,
138 verbose parsed url   hash: null,
138 verbose parsed url   search: null,
138 verbose parsed url   query: null,
138 verbose parsed url   pathname: 'cssom@0.2.x',
138 verbose parsed url   path: 'cssom@0.2.x',
138 verbose parsed url   href: 'cssom@0.2.x' }
139 verbose cache add name="cssom" spec="0.2.x" args=["cssom","0.2.x"]
140 verbose parsed url { protocol: null,
140 verbose parsed url   slashes: null,
140 verbose parsed url   auth: null,
140 verbose parsed url   host: null,
140 verbose parsed url   port: null,
140 verbose parsed url   hostname: null,
140 verbose parsed url   hash: null,
140 verbose parsed url   search: null,
140 verbose parsed url   query: null,
140 verbose parsed url   pathname: '0.2.x',
140 verbose parsed url   path: '0.2.x',
140 verbose parsed url   href: '0.2.x' }
141 verbose addNamed [ 'cssom', '0.2.x' ]
142 verbose addNamed [ null, '>=0.2.0- <0.3.0-' ]
143 silly lockFile c83aab2e-cssom-0-2-x cssom@0.2.x
144 verbose lock cssom@0.2.x /Users/ben/.npm/c83aab2e-cssom-0-2-x.lock
145 verbose cache add [ 'debug@*', null ]
146 verbose cache add name=undefined spec="debug@*" args=["debug@*",null]
147 verbose parsed url { protocol: null,
147 verbose parsed url   slashes: null,
147 verbose parsed url   auth: null,
147 verbose parsed url   host: null,
147 verbose parsed url   port: null,
147 verbose parsed url   hostname: null,
147 verbose parsed url   hash: null,
147 verbose parsed url   search: null,
147 verbose parsed url   query: null,
147 verbose parsed url   pathname: 'debug@*',
147 verbose parsed url   path: 'debug@*',
147 verbose parsed url   href: 'debug@*' }
148 verbose cache add name="debug" spec="*" args=["debug","*"]
149 verbose parsed url { protocol: null,
149 verbose parsed url   slashes: null,
149 verbose parsed url   auth: null,
149 verbose parsed url   host: null,
149 verbose parsed url   port: null,
149 verbose parsed url   hostname: null,
149 verbose parsed url   hash: null,
149 verbose parsed url   search: null,
149 verbose parsed url   query: null,
149 verbose parsed url   pathname: '*',
149 verbose parsed url   path: '*',
149 verbose parsed url   href: '*' }
150 verbose addNamed [ 'debug', '*' ]
151 verbose addNamed [ null, '' ]
152 silly lockFile 3ac45eff-debug debug@*
153 verbose lock debug@* /Users/ben/.npm/3ac45eff-debug.lock
154 silly addNameRange { name: 'mkdirp', range: '>=0.3.0- <0.4.0-', hasData: false }
155 silly addNameRange { name: 'cssom', range: '>=0.2.0- <0.3.0-', hasData: false }
156 silly addNameRange { name: 'debug', range: '', hasData: false }
157 verbose url raw mkdirp
158 verbose url resolving [ 'https://registry.npmjs.org/', './mkdirp' ]
159 verbose url resolved https://registry.npmjs.org/mkdirp
160 info trying registry request attempt 1 at 16:19:18
161 verbose etag "35PO6DBLW1D24GBNJ619IAM4E"
162 http GET https://registry.npmjs.org/mkdirp
163 verbose url raw debug
164 verbose url resolving [ 'https://registry.npmjs.org/', './debug' ]
165 verbose url resolved https://registry.npmjs.org/debug
166 info trying registry request attempt 1 at 16:19:18
167 verbose etag "4FKZP7GD0IKWA1R657AXLG4RU"
168 http GET https://registry.npmjs.org/debug
169 verbose url raw cssom
170 verbose url resolving [ 'https://registry.npmjs.org/', './cssom' ]
171 verbose url resolved https://registry.npmjs.org/cssom
172 info trying registry request attempt 1 at 16:19:18
173 verbose etag "2IGYY4GNE8L09K9FOKTDRNGP3"
174 http GET https://registry.npmjs.org/cssom
175 http 304 https://registry.npmjs.org/debug
176 silly registry.get cb [ 304,
176 silly registry.get   { server: 'CouchDB/1.3.0 (Erlang OTP/R15B03)',
176 silly registry.get     etag: '"4FKZP7GD0IKWA1R657AXLG4RU"',
176 silly registry.get     date: 'Mon, 17 Jun 2013 23:19:18 GMT',
176 silly registry.get     'content-length': '0' } ]
177 verbose etag debug from cache
178 silly addNameRange number 2 { name: 'debug', range: '', hasData: true }
179 silly addNameRange versions [ 'debug',
179 silly addNameRange   [ '0.0.1',
179 silly addNameRange     '0.1.0',
179 silly addNameRange     '0.2.0',
179 silly addNameRange     '0.3.0',
179 silly addNameRange     '0.4.0',
179 silly addNameRange     '0.4.1',
179 silly addNameRange     '0.5.0',
179 silly addNameRange     '0.6.0',
179 silly addNameRange     '0.7.0',
179 silly addNameRange     '0.7.1',
179 silly addNameRange     '0.7.2' ] ]
180 verbose addNamed [ 'debug', '0.7.2' ]
181 verbose addNamed [ '0.7.2', '0.7.2' ]
182 silly lockFile 432e5064-debug-0-7-2 debug@0.7.2
183 verbose lock debug@0.7.2 /Users/ben/.npm/432e5064-debug-0-7-2.lock
184 verbose read json /Users/ben/.npm/debug/0.7.2/package/package.json
185 silly lockFile 432e5064-debug-0-7-2 debug@0.7.2
186 silly lockFile 432e5064-debug-0-7-2 debug@0.7.2
187 silly lockFile 3ac45eff-debug debug@*
188 silly lockFile 3ac45eff-debug debug@*
189 http 304 https://registry.npmjs.org/cssom
190 silly registry.get cb [ 304,
190 silly registry.get   { server: 'CouchDB/1.3.0 (Erlang OTP/R15B03)',
190 silly registry.get     etag: '"2IGYY4GNE8L09K9FOKTDRNGP3"',
190 silly registry.get     date: 'Mon, 17 Jun 2013 23:19:18 GMT',
190 silly registry.get     'content-length': '0' } ]
191 verbose etag cssom from cache
192 silly addNameRange number 2 { name: 'cssom', range: '>=0.2.0- <0.3.0-', hasData: true }
193 silly addNameRange versions [ 'cssom',
193 silly addNameRange   [ '0.2.0', '0.2.1', '0.2.2', '0.2.3', '0.2.4', '0.2.5' ] ]
194 verbose addNamed [ 'cssom', '0.2.5' ]
195 verbose addNamed [ '0.2.5', '0.2.5' ]
196 silly lockFile 452affd3-cssom-0-2-5 cssom@0.2.5
197 verbose lock cssom@0.2.5 /Users/ben/.npm/452affd3-cssom-0-2-5.lock
198 verbose read json /Users/ben/.npm/cssom/0.2.5/package/package.json
199 silly lockFile 452affd3-cssom-0-2-5 cssom@0.2.5
200 silly lockFile 452affd3-cssom-0-2-5 cssom@0.2.5
201 silly lockFile c83aab2e-cssom-0-2-x cssom@0.2.x
202 silly lockFile c83aab2e-cssom-0-2-x cssom@0.2.x
203 http 304 https://registry.npmjs.org/mkdirp
204 silly registry.get cb [ 304,
204 silly registry.get   { server: 'CouchDB/1.3.0 (Erlang OTP/R15B03)',
204 silly registry.get     etag: '"35PO6DBLW1D24GBNJ619IAM4E"',
204 silly registry.get     date: 'Mon, 17 Jun 2013 23:19:18 GMT',
204 silly registry.get     'content-length': '0' } ]
205 verbose etag mkdirp from cache
206 silly addNameRange number 2 { name: 'mkdirp', range: '>=0.3.0- <0.4.0-', hasData: true }
207 silly addNameRange versions [ 'mkdirp',
207 silly addNameRange   [ '0.0.1',
207 silly addNameRange     '0.0.2',
207 silly addNameRange     '0.0.3',
207 silly addNameRange     '0.0.4',
207 silly addNameRange     '0.0.5',
207 silly addNameRange     '0.0.6',
207 silly addNameRange     '0.0.7',
207 silly addNameRange     '0.1.0',
207 silly addNameRange     '0.2.0',
207 silly addNameRange     '0.2.1',
207 silly addNameRange     '0.2.2',
207 silly addNameRange     '0.3.0',
207 silly addNameRange     '0.3.1',
207 silly addNameRange     '0.3.2',
207 silly addNameRange     '0.3.3',
207 silly addNameRange     '0.3.4',
207 silly addNameRange     '0.3.5' ] ]
208 verbose addNamed [ 'mkdirp', '0.3.5' ]
209 verbose addNamed [ '0.3.5', '0.3.5' ]
210 silly lockFile 67d2df2a-mkdirp-0-3-5 mkdirp@0.3.5
211 verbose lock mkdirp@0.3.5 /Users/ben/.npm/67d2df2a-mkdirp-0-3-5.lock
212 verbose read json /Users/ben/.npm/mkdirp/0.3.5/package/package.json
213 silly lockFile 67d2df2a-mkdirp-0-3-5 mkdirp@0.3.5
214 silly lockFile 67d2df2a-mkdirp-0-3-5 mkdirp@0.3.5
215 silly lockFile 6d3723ce-mkdirp-0-3-x mkdirp@0.3.x
216 silly lockFile 6d3723ce-mkdirp-0-3-x mkdirp@0.3.x
217 silly resolved [ { name: 'debug',
217 silly resolved     version: '0.7.2',
217 silly resolved     repository: { type: 'git', url: 'git://github.com/visionmedia/debug.git' },
217 silly resolved     description: 'small debugging utility',
217 silly resolved     keywords: [ 'debug', 'log', 'debugger' ],
217 silly resolved     author: { name: 'TJ Holowaychuk', email: 'tj@vision-media.ca' },
217 silly resolved     dependencies: {},
217 silly resolved     devDependencies: { mocha: '*' },
217 silly resolved     main: 'lib/debug.js',
217 silly resolved     browserify: 'debug.js',
217 silly resolved     engines: { node: '*' },
217 silly resolved     component: { scripts: [Object] },
217 silly resolved     readme: '\n# debug\n\n  tiny node.js debugging utility modelled after node core\'s debugging technique.\n\n## Installation\n\n```\n$ npm install debug\n```\n\n## Usage\n\n With `debug` you simply invoke the exported function to generate your debug function, passing it a name which will determine if a noop function is returned, or a decorated `console.error`, so all of the `console` format string goodies you\'re used to work fine. A unique color is selected per-function for visibility.\n \nExample _app.js_:\n\n```js\nvar debug = require(\'debug\')(\'http\')\n  , http = require(\'http\')\n  , name = \'My App\';\n\n// fake app\n\ndebug(\'booting %s\', name);\n\nhttp.createServer(function(req, res){\n  debug(req.method + \' \' + req.url);\n  res.end(\'hello\\n\');\n}).listen(3000, function(){\n  debug(\'listening\');\n});\n\n// fake worker of some kind\n\nrequire(\'./worker\');\n```\n\nExample _worker.js_:\n\n```js\nvar debug = require(\'debug\')(\'worker\');\n\nsetInterval(function(){\n  debug(\'doing some work\');\n}, 1000);\n```\n\n The __DEBUG__ environment variable is then used to enable these based on space or comma-delimited names. Here are some examples:\n\n  ![debug http and worker](http://f.cl.ly/items/18471z1H402O24072r1J/Screenshot.png)\n\n  ![debug worker](http://f.cl.ly/items/1X413v1a3M0d3C2c1E0i/Screenshot.png)\n\n## Millisecond diff\n\n  When actively developing an application it can be useful to see when the time spent between one `debug()` call and the next. Suppose for example you invoke `debug()` before requesting a resource, and after as well, the "+NNNms" will show you how much time was spent between calls.\n\n  ![](http://f.cl.ly/items/2i3h1d3t121M2Z1A3Q0N/Screenshot.png)\n\n  When stdout is not a TTY, `Date#toUTCString()` is used, making it more useful for logging the debug information as shown below:\n  \n  ![](http://f.cl.ly/items/112H3i0e0o0P0a2Q2r11/Screenshot.png)\n\n## Conventions\n\n If you\'re using this in one or more of your libraries, you _should_ use the name of your library so that developers may toggle debugging as desired without guessing names. If you have more than one debuggers you _should_ prefix them with your library name and use ":" to separate features. For example "bodyParser" from Connect would then be "connect:bodyParser". \n\n## Wildcards\n\n  The "*" character may be used as a wildcard. Suppose for example your library has debuggers named "connect:bodyParser", "connect:compress", "connect:session", instead of listing all three with `DEBUG=connect:bodyParser,connect.compress,connect:session`, you may simply do `DEBUG=connect:*`, or to run everything using this module simply use `DEBUG=*`.\n\n  You can also exclude specific debuggers by prefixing them with a "-" character.  For example, `DEBUG=* -connect:*` would include all debuggers except those starting with "connect:".\n\n## Browser support\n\n Debug works in the browser as well, currently persisted by `localStorage`. For example if you have `worker:a` and `worker:b` as shown below, and wish to debug both type `debug.enable(\'worker:*\')` in the console and refresh the page, this will remain until you disable with `debug.disable()`. \n\n```js\na = debug(\'worker:a\');\nb = debug(\'worker:b\');\n\nsetInterval(function(){\n  a(\'doing some work\');\n}, 1000);\n\nsetInterval(function(){\n  a(\'doing some work\');\n}, 1200);\n```\n\n## License \n\n(The MIT License)\n\nCopyright (c) 2011 TJ Holowaychuk &lt;tj@vision-media.ca&gt;\n\nPermission is hereby granted, free of charge, to any person obtaining\na copy of this software and associated documentation files (the\n\'Software\'), to deal in the Software without restriction, including\nwithout limitation the rights to use, copy, modify, merge, publish,\ndistribute, sublicense, and/or sell copies of the Software, and to\npermit persons to whom the Software is furnished to do so, subject to\nthe following conditions:\n\nThe above copyright notice and this permission notice shall be\nincluded in all copies or substantial portions of the Software.\n\nTHE SOFTWARE IS PROVIDED \'AS IS\', WITHOUT WARRANTY OF ANY KIND,\nEXPRESS OR IMPLIED, INCLUDING BUT NOT LIMITED TO THE WARRANTIES OF\nMERCHANTABILITY, FITNESS FOR A PARTICULAR PURPOSE AND NONINFRINGEMENT.\nIN NO EVENT SHALL THE AUTHORS OR COPYRIGHT HOLDERS BE LIABLE FOR ANY\nCLAIM, DAMAGES OR OTHER LIABILITY, WHETHER IN AN ACTION OF CONTRACT,\nTORT OR OTHERWISE, ARISING FROM, OUT OF OR IN CONNECTION WITH THE\nSOFTWARE OR THE USE OR OTHER DEALINGS IN THE SOFTWARE.',
217 silly resolved     readmeFilename: 'Readme.md',
217 silly resolved     bugs: { url: 'https://github.com/visionmedia/debug/issues' },
217 silly resolved     _id: 'debug@0.7.2',
217 silly resolved     _from: 'debug@*' },
217 silly resolved   { name: 'cssom',
217 silly resolved     description: 'CSS Object Model implementation and CSS parser',
217 silly resolved     keywords: [ 'CSS', 'CSSOM', 'parser', 'styleSheet' ],
217 silly resolved     version: '0.2.5',
217 silly resolved     homepage: 'https://github.com/NV/CSSOM',
217 silly resolved     author: { name: 'Nikita Vasilyev', email: 'me@elv1s.ru' },
217 silly resolved     repository: { type: 'git', url: 'git://github.com/NV/CSSOM.git' },
217 silly resolved     bugs: { url: 'https://github.com/NV/CSSOM/issues' },
217 silly resolved     directories: { lib: './lib' },
217 silly resolved     main: './lib/index.js',
217 silly resolved     engines: { node: '>=0.2.0' },
217 silly resolved     devDependencies: { jake: '0.2.x' },
217 silly resolved     licenses: [ [Object] ],
217 silly resolved     scripts: { prepublish: 'jake lib/index.js' },
217 silly resolved     readme: '# CSSOM\n\nCSSOM.js is a CSS parser written in pure JavaScript. It also a partial implementation of [CSS Object Model](http://dev.w3.org/csswg/cssom/). \n\n    CSSOM.parse("body {color: black}")\n    -> {\n      cssRules: [\n        {\n          selectorText: "body",\n          style: {\n            0: "color",\n            color: "black",\n            length: 1\n          }\n        }\n      ]\n    }\n\n\n## [Parser demo](http://nv.github.com/CSSOM/docs/parse.html)\n\nWorks well in Google Chrome 6+, Safari 5+, Firefox 3.6+, Opera 10.63+.\nDoesn\'t work in IE < 9 because of unsupported getters/setters.\n\nTo use CSSOM.js in the browser you might want to build a one-file version with [Jake](http://github.com/mde/node-jake):\n\n    ➤ jake\n    build/CSSOM.js is done\n\nTo use it with Node.js:\n\n    npm install cssom\n\n## [Specs](http://nv.github.com/CSSOM/spec/)\n',
217 silly resolved     readmeFilename: 'README.mdown',
217 silly resolved     _id: 'cssom@0.2.5',
217 silly resolved     _from: 'cssom@0.2.x' },
217 silly resolved   { name: 'mkdirp',
217 silly resolved     description: 'Recursively mkdir, like `mkdir -p`',
217 silly resolved     version: '0.3.5',
217 silly resolved     author:
217 silly resolved      { name: 'James Halliday',
217 silly resolved        email: 'mail@substack.net',
217 silly resolved        url: 'http://substack.net' },
217 silly resolved     main: './index',
217 silly resolved     keywords: [ 'mkdir', 'directory' ],
217 silly resolved     repository:
217 silly resolved      { type: 'git',
217 silly resolved        url: 'http://github.com/substack/node-mkdirp.git' },
217 silly resolved     scripts: { test: 'tap test/*.js' },
217 silly resolved     devDependencies: { tap: '~0.4.0' },
217 silly resolved     license: 'MIT',
217 silly resolved     readme: '# mkdirp\n\nLike `mkdir -p`, but in node.js!\n\n[![build status](https://secure.travis-ci.org/substack/node-mkdirp.png)](http://travis-ci.org/substack/node-mkdirp)\n\n# example\n\n## pow.js\n\n```js\nvar mkdirp = require(\'mkdirp\');\n    \nmkdirp(\'/tmp/foo/bar/baz\', function (err) {\n    if (err) console.error(err)\n    else console.log(\'pow!\')\n});\n```\n\nOutput\n\n```\npow!\n```\n\nAnd now /tmp/foo/bar/baz exists, huzzah!\n\n# methods\n\n```js\nvar mkdirp = require(\'mkdirp\');\n```\n\n## mkdirp(dir, mode, cb)\n\nCreate a new directory and any necessary subdirectories at `dir` with octal\npermission string `mode`.\n\nIf `mode` isn\'t specified, it defaults to `0777 & (~process.umask())`.\n\n`cb(err, made)` fires with the error or the first directory `made`\nthat had to be created, if any.\n\n## mkdirp.sync(dir, mode)\n\nSynchronously create a new directory and any necessary subdirectories at `dir`\nwith octal permission string `mode`.\n\nIf `mode` isn\'t specified, it defaults to `0777 & (~process.umask())`.\n\nReturns the first directory that had to be created, if any.\n\n# install\n\nWith [npm](http://npmjs.org) do:\n\n```\nnpm install mkdirp\n```\n\n# license\n\nMIT\n',
217 silly resolved     readmeFilename: 'readme.markdown',
217 silly resolved     bugs: { url: 'https://github.com/substack/node-mkdirp/issues' },
217 silly resolved     _id: 'mkdirp@0.3.5',
217 silly resolved     _from: 'mkdirp@0.3.x' } ]
218 info install debug@0.7.2 into /Users/ben/code/junk/tests/handy/node_modules/stylus
219 info install cssom@0.2.5 into /Users/ben/code/junk/tests/handy/node_modules/stylus
220 info install mkdirp@0.3.5 into /Users/ben/code/junk/tests/handy/node_modules/stylus
221 info installOne debug@0.7.2
222 info installOne cssom@0.2.5
223 info installOne mkdirp@0.3.5
224 verbose from cache /Users/ben/.npm/debug/0.7.2/package/package.json
225 info /Users/ben/code/junk/tests/handy/node_modules/stylus/node_modules/debug unbuild
226 verbose read json /Users/ben/code/junk/tests/handy/node_modules/stylus/node_modules/debug/package.json
227 verbose from cache /Users/ben/.npm/cssom/0.2.5/package/package.json
228 info /Users/ben/code/junk/tests/handy/node_modules/stylus/node_modules/cssom unbuild
229 verbose read json /Users/ben/code/junk/tests/handy/node_modules/stylus/node_modules/cssom/package.json
230 verbose from cache /Users/ben/.npm/mkdirp/0.3.5/package/package.json
231 info /Users/ben/code/junk/tests/handy/node_modules/stylus/node_modules/mkdirp unbuild
232 verbose read json /Users/ben/code/junk/tests/handy/node_modules/stylus/node_modules/mkdirp/package.json
233 verbose tar unpack /Users/ben/.npm/debug/0.7.2/package.tgz
234 silly lockFile ee364d67-odules-stylus-node-modules-debug /Users/ben/code/junk/tests/handy/node_modules/stylus/node_modules/debug
235 verbose lock /Users/ben/code/junk/tests/handy/node_modules/stylus/node_modules/debug /Users/ben/.npm/ee364d67-odules-stylus-node-modules-debug.lock
236 silly lockFile 94f484d2--ben-npm-debug-0-7-2-package-tgz /Users/ben/.npm/debug/0.7.2/package.tgz
237 verbose lock /Users/ben/.npm/debug/0.7.2/package.tgz /Users/ben/.npm/94f484d2--ben-npm-debug-0-7-2-package-tgz.lock
238 verbose tar unpack /Users/ben/.npm/cssom/0.2.5/package.tgz
239 silly lockFile a527e234-odules-stylus-node-modules-cssom /Users/ben/code/junk/tests/handy/node_modules/stylus/node_modules/cssom
240 verbose lock /Users/ben/code/junk/tests/handy/node_modules/stylus/node_modules/cssom /Users/ben/.npm/a527e234-odules-stylus-node-modules-cssom.lock
241 silly lockFile f862f8d7--ben-npm-cssom-0-2-5-package-tgz /Users/ben/.npm/cssom/0.2.5/package.tgz
242 verbose lock /Users/ben/.npm/cssom/0.2.5/package.tgz /Users/ben/.npm/f862f8d7--ben-npm-cssom-0-2-5-package-tgz.lock
243 verbose tar unpack /Users/ben/.npm/mkdirp/0.3.5/package.tgz
244 silly lockFile 9677977a-dules-stylus-node-modules-mkdirp /Users/ben/code/junk/tests/handy/node_modules/stylus/node_modules/mkdirp
245 verbose lock /Users/ben/code/junk/tests/handy/node_modules/stylus/node_modules/mkdirp /Users/ben/.npm/9677977a-dules-stylus-node-modules-mkdirp.lock
246 silly lockFile 1f078fb9-ben-npm-mkdirp-0-3-5-package-tgz /Users/ben/.npm/mkdirp/0.3.5/package.tgz
247 verbose lock /Users/ben/.npm/mkdirp/0.3.5/package.tgz /Users/ben/.npm/1f078fb9-ben-npm-mkdirp-0-3-5-package-tgz.lock
248 silly gunzTarPerm modes [ '755', '644' ]
249 silly gunzTarPerm modes [ '755', '644' ]
250 silly gunzTarPerm modes [ '755', '644' ]
251 silly gunzTarPerm extractEntry package.json
252 silly gunzTarPerm extractEntry package.json
253 silly gunzTarPerm extractEntry package.json
254 silly gunzTarPerm extractEntry .npmignore
255 silly gunzTarPerm extractEntry debug.js
256 silly gunzTarPerm extractEntry .npmignore
257 silly gunzTarPerm extractEntry LICENSE
258 silly gunzTarPerm extractEntry .npmignore
259 silly gunzTarPerm extractEntry .gitmodules
260 silly gunzTarPerm extractEntry index.js
261 silly gunzTarPerm extractEntry component.json
262 silly gunzTarPerm extractEntry index.js
263 silly gunzTarPerm extractEntry .travis.yml
264 silly gunzTarPerm extractEntry lib/clone.js
265 silly gunzTarPerm extractEntry lib/CSSKeyframeRule.js
266 silly gunzTarPerm extractEntry example/app.js
267 silly gunzTarPerm extractEntry example/wildcards.js
268 silly gunzTarPerm extractEntry examples/pow.js
269 silly gunzTarPerm extractEntry readme.markdown
270 silly gunzTarPerm extractEntry lib/CSSKeyframesRule.js
271 silly gunzTarPerm extractEntry lib/CSSMediaRule.js
272 silly gunzTarPerm extractEntry test/chmod.js
273 silly gunzTarPerm extractEntry test/perm.js
274 silly gunzTarPerm extractEntry example/worker.js
275 silly gunzTarPerm extractEntry example/browser.html
276 silly gunzTarPerm extractEntry lib/CSSRule.js
277 silly gunzTarPerm extractEntry lib/CSSImportRule.js
278 silly gunzTarPerm extractEntry History.md
279 silly gunzTarPerm extractEntry lib/debug.js
280 silly gunzTarPerm extractEntry test/perm_sync.js
281 silly gunzTarPerm extractEntry test/race.js
282 silly gunzTarPerm extractEntry test/mkdirp.js
283 silly gunzTarPerm extractEntry test/return.js
284 silly gunzTarPerm extractEntry test/return_sync.js
285 silly gunzTarPerm extractEntry test/root.js
286 silly gunzTarPerm extractEntry test/sync.js
287 silly gunzTarPerm extractEntry test/umask.js
288 silly gunzTarPerm extractEntry test/clobber.js
289 silly gunzTarPerm extractEntry test/umask_sync.js
290 silly gunzTarPerm extractEntry test/rel.js
291 silly gunzTarPerm extractEntry lib/CSSStyleRule.js
292 silly gunzTarPerm extractEntry Readme.md
293 silly gunzTarPerm extractEntry lib/CSSStyleSheet.js
294 silly gunzTarPerm extractEntry lib/index.js
295 silly gunzTarPerm extractEntry lib/MediaList.js
296 silly gunzTarPerm extractEntry lib/parse.js
297 silly gunzTarPerm extractEntry lib/CSSFontFaceRule.js
298 silly gunzTarPerm extractEntry lib/StyleSheet.js
299 silly gunzTarPerm extractEntry lib/CSSStyleDeclaration.js
300 silly gunzTarPerm extractEntry README.mdown
301 verbose read json /Users/ben/code/junk/tests/handy/node_modules/stylus/node_modules/debug/package.json
302 silly lockFile ee364d67-odules-stylus-node-modules-debug /Users/ben/code/junk/tests/handy/node_modules/stylus/node_modules/debug
303 silly lockFile ee364d67-odules-stylus-node-modules-debug /Users/ben/code/junk/tests/handy/node_modules/stylus/node_modules/debug
304 silly lockFile 94f484d2--ben-npm-debug-0-7-2-package-tgz /Users/ben/.npm/debug/0.7.2/package.tgz
305 silly lockFile 94f484d2--ben-npm-debug-0-7-2-package-tgz /Users/ben/.npm/debug/0.7.2/package.tgz
306 info preinstall debug@0.7.2
307 verbose from cache /Users/ben/code/junk/tests/handy/node_modules/stylus/node_modules/debug/package.json
308 verbose readDependencies using package.json deps
309 verbose from cache /Users/ben/code/junk/tests/handy/node_modules/stylus/node_modules/debug/package.json
310 verbose readDependencies using package.json deps
311 silly resolved []
312 verbose about to build /Users/ben/code/junk/tests/handy/node_modules/stylus/node_modules/debug
313 info build /Users/ben/code/junk/tests/handy/node_modules/stylus/node_modules/debug
314 verbose from cache /Users/ben/code/junk/tests/handy/node_modules/stylus/node_modules/debug/package.json
315 verbose linkStuff [ false,
315 verbose linkStuff   false,
315 verbose linkStuff   false,
315 verbose linkStuff   '/Users/ben/code/junk/tests/handy/node_modules/stylus/node_modules' ]
316 info linkStuff debug@0.7.2
317 verbose from cache /Users/ben/code/junk/tests/handy/package.json
318 error TypeError: Object.keys called on non-object
318 error     at Function.keys (native)
318 error     at /usr/local/lib/node_modules/npm/lib/build.js:111:18
318 error     at process._tickCallback (node.js:415:13)
319 error If you need help, you may report this log at:
319 error     <http://github.com/isaacs/npm/issues>
319 error or email it to:
319 error     <npm-@googlegroups.com>
320 error System Darwin 11.4.2
321 error command "/usr/local/bin/node" "/usr/local/bin/npm" "install" "--save" "stylus"
322 error cwd /Users/ben/code/junk/tests/handy
323 error node -v v0.11.2
324 error npm -v 1.2.21
325 verbose exit [ 1, true ]
